2025-11-12 12:42:09 [error]: uncaughtException: Unexpected token ':'
C:\Users\suman\work\etest-platform\src\frameworks\docs\swagger.js:106
      scheme: 'bearer',
            ^

SyntaxError: Unexpected token ':'
    at wrapSafe (node:internal/modules/cjs/loader:1662:18)
    at Module._compile (node:internal/modules/cjs/loader:1704:20)
    at Object..js (node:internal/modules/cjs/loader:1895:10)
    at Module.load (node:internal/modules/cjs/loader:1465:32)
    at Function._load (node:internal/modules/cjs/loader:1282:12)
    at TracingChannel.traceSync (node:diagnostics_channel:322:14)
    at wrapModuleLoad (node:internal/modules/cjs/loader:235:24)
    at Module.require (node:internal/modules/cjs/loader:1487:12)
    at require (node:internal/modules/helpers:135:16)
    at Object.<anonymous> (C:\Users\suman\work\etest-platform\src\frameworks\config\express.js:122:24) {
  "error": {},
  "exception": true,
  "date": "Wed Nov 12 2025 12:42:09 GMT+0530 (India Standard Time)",
  "process": {
    "pid": 4968,
    "uid": null,
    "gid": null,
    "cwd": "C:\\Users\\suman\\work\\etest-platform",
    "execPath": "C:\\Program Files\\nodejs\\node.exe",
    "version": "v22.17.0",
    "argv": [
      "C:\\Program Files\\nodejs\\node.exe",
      "C:\\Users\\suman\\work\\etest-platform\\server.js"
    ],
    "memoryUsage": {
      "rss": 57012224,
      "heapTotal": 20770816,
      "heapUsed": 15623336,
      "external": 2104207,
      "arrayBuffers": 18675
    }
  },
  "os": {
    "loadavg": [
      0,
      0,
      0
    ],
    "uptime": 9236.031
  },
  "trace": [
    {
      "column": 18,
      "file": "node:internal/modules/cjs/loader",
      "function": "wrapSafe",
      "line": 1662,
      "method": null,
      "native": false
    },
    {
      "column": 20,
      "file": "node:internal/modules/cjs/loader",
      "function": "Module._compile",
      "line": 1704,
      "method": "_compile",
      "native": false
    },
    {
      "column": 10,
      "file": "node:internal/modules/cjs/loader",
      "function": "Object..js",
      "line": 1895,
      "method": ".js",
      "native": false
    },
    {
      "column": 32,
      "file": "node:internal/modules/cjs/loader",
      "function": "Module.load",
      "line": 1465,
      "method": "load",
      "native": false
    },
    {
      "column": 12,
      "file": "node:internal/modules/cjs/loader",
      "function": "Function._load",
      "line": 1282,
      "method": "_load",
      "native": false
    },
    {
      "column": 14,
      "file": "node:diagnostics_channel",
      "function": "TracingChannel.traceSync",
      "line": 322,
      "method": "traceSync",
      "native": false
    },
    {
      "column": 24,
      "file": "node:internal/modules/cjs/loader",
      "function": "wrapModuleLoad",
      "line": 235,
      "method": null,
      "native": false
    },
    {
      "column": 12,
      "file": "node:internal/modules/cjs/loader",
      "function": "Module.require",
      "line": 1487,
      "method": "require",
      "native": false
    },
    {
      "column": 16,
      "file": "node:internal/modules/helpers",
      "function": "require",
      "line": 135,
      "method": null,
      "native": false
    },
    {
      "column": 24,
      "file": "C:\\Users\\suman\\work\\etest-platform\\src\\frameworks\\config\\express.js",
      "function": null,
      "line": 122,
      "method": null,
      "native": false
    }
  ]
}
C:\Users\suman\work\etest-platform\src\frameworks\docs\swagger.js:106
      scheme: 'bearer',
            ^

SyntaxError: Unexpected token ':'
    at wrapSafe (node:internal/modules/cjs/loader:1662:18)
    at Module._compile (node:internal/modules/cjs/loader:1704:20)
    at Object..js (node:internal/modules/cjs/loader:1895:10)
    at Module.load (node:internal/modules/cjs/loader:1465:32)
    at Function._load (node:internal/modules/cjs/loader:1282:12)
    at TracingChannel.traceSync (node:diagnostics_channel:322:14)
    at wrapModuleLoad (node:internal/modules/cjs/loader:235:24)
    at Module.require (node:internal/modules/cjs/loader:1487:12)
    at require (node:internal/modules/helpers:135:16)
    at Object.<anonymous> (C:\Users\suman\work\etest-platform\src\frameworks\config\express.js:122:24)
2025-11-12 12:42:17 [error]: uncaughtException: Unexpected token ':'
C:\Users\suman\work\etest-platform\src\frameworks\docs\swagger.js:106
      scheme: 'bearer',
            ^

SyntaxError: Unexpected token ':'
    at wrapSafe (node:internal/modules/cjs/loader:1662:18)
    at Module._compile (node:internal/modules/cjs/loader:1704:20)
    at Object..js (node:internal/modules/cjs/loader:1895:10)
    at Module.load (node:internal/modules/cjs/loader:1465:32)
    at Function._load (node:internal/modules/cjs/loader:1282:12)
    at TracingChannel.traceSync (node:diagnostics_channel:322:14)
    at wrapModuleLoad (node:internal/modules/cjs/loader:235:24)
    at Module.require (node:internal/modules/cjs/loader:1487:12)
    at require (node:internal/modules/helpers:135:16)
    at Object.<anonymous> (C:\Users\suman\work\etest-platform\src\frameworks\config\express.js:122:24) {
  "error": {},
  "exception": true,
  "date": "Wed Nov 12 2025 12:42:17 GMT+0530 (India Standard Time)",
  "process": {
    "pid": 15520,
    "uid": null,
    "gid": null,
    "cwd": "C:\\Users\\suman\\work\\etest-platform",
    "execPath": "C:\\Program Files\\nodejs\\node.exe",
    "version": "v22.17.0",
    "argv": [
      "C:\\Program Files\\nodejs\\node.exe",
      "C:\\Users\\suman\\work\\etest-platform\\server.js"
    ],
    "memoryUsage": {
      "rss": 56934400,
      "heapTotal": 21032960,
      "heapUsed": 15565576,
      "external": 2104207,
      "arrayBuffers": 18675
    }
  },
  "os": {
    "loadavg": [
      0,
      0,
      0
    ],
    "uptime": 9243.593
  },
  "trace": [
    {
      "column": 18,
      "file": "node:internal/modules/cjs/loader",
      "function": "wrapSafe",
      "line": 1662,
      "method": null,
      "native": false
    },
    {
      "column": 20,
      "file": "node:internal/modules/cjs/loader",
      "function": "Module._compile",
      "line": 1704,
      "method": "_compile",
      "native": false
    },
    {
      "column": 10,
      "file": "node:internal/modules/cjs/loader",
      "function": "Object..js",
      "line": 1895,
      "method": ".js",
      "native": false
    },
    {
      "column": 32,
      "file": "node:internal/modules/cjs/loader",
      "function": "Module.load",
      "line": 1465,
      "method": "load",
      "native": false
    },
    {
      "column": 12,
      "file": "node:internal/modules/cjs/loader",
      "function": "Function._load",
      "line": 1282,
      "method": "_load",
      "native": false
    },
    {
      "column": 14,
      "file": "node:diagnostics_channel",
      "function": "TracingChannel.traceSync",
      "line": 322,
      "method": "traceSync",
      "native": false
    },
    {
      "column": 24,
      "file": "node:internal/modules/cjs/loader",
      "function": "wrapModuleLoad",
      "line": 235,
      "method": null,
      "native": false
    },
    {
      "column": 12,
      "file": "node:internal/modules/cjs/loader",
      "function": "Module.require",
      "line": 1487,
      "method": "require",
      "native": false
    },
    {
      "column": 16,
      "file": "node:internal/modules/helpers",
      "function": "require",
      "line": 135,
      "method": null,
      "native": false
    },
    {
      "column": 24,
      "file": "C:\\Users\\suman\\work\\etest-platform\\src\\frameworks\\config\\express.js",
      "function": null,
      "line": 122,
      "method": null,
      "native": false
    }
  ]
}
C:\Users\suman\work\etest-platform\src\frameworks\docs\swagger.js:106
      scheme: 'bearer',
            ^

SyntaxError: Unexpected token ':'
    at wrapSafe (node:internal/modules/cjs/loader:1662:18)
    at Module._compile (node:internal/modules/cjs/loader:1704:20)
    at Object..js (node:internal/modules/cjs/loader:1895:10)
    at Module.load (node:internal/modules/cjs/loader:1465:32)
    at Function._load (node:internal/modules/cjs/loader:1282:12)
    at TracingChannel.traceSync (node:diagnostics_channel:322:14)
    at wrapModuleLoad (node:internal/modules/cjs/loader:235:24)
    at Module.require (node:internal/modules/cjs/loader:1487:12)
    at require (node:internal/modules/helpers:135:16)
    at Object.<anonymous> (C:\Users\suman\work\etest-platform\src\frameworks\config\express.js:122:24)
2025-11-12 12:44:05 [error]: uncaughtException: Unexpected token ':'
C:\Users\suman\work\etest-platform\src\frameworks\docs\swagger.js:106
      scheme: 'bearer',
            ^

SyntaxError: Unexpected token ':'
    at wrapSafe (node:internal/modules/cjs/loader:1662:18)
    at Module._compile (node:internal/modules/cjs/loader:1704:20)
    at Object..js (node:internal/modules/cjs/loader:1895:10)
    at Module.load (node:internal/modules/cjs/loader:1465:32)
    at Function._load (node:internal/modules/cjs/loader:1282:12)
    at TracingChannel.traceSync (node:diagnostics_channel:322:14)
    at wrapModuleLoad (node:internal/modules/cjs/loader:235:24)
    at Module.require (node:internal/modules/cjs/loader:1487:12)
    at require (node:internal/modules/helpers:135:16)
    at Object.<anonymous> (C:\Users\suman\work\etest-platform\src\frameworks\config\express.js:122:24) {
  "error": {},
  "exception": true,
  "date": "Wed Nov 12 2025 12:44:05 GMT+0530 (India Standard Time)",
  "process": {
    "pid": 15668,
    "uid": null,
    "gid": null,
    "cwd": "C:\\Users\\suman\\work\\etest-platform",
    "execPath": "C:\\Program Files\\nodejs\\node.exe",
    "version": "v22.17.0",
    "argv": [
      "C:\\Program Files\\nodejs\\node.exe",
      "C:\\Users\\suman\\work\\etest-platform\\server.js"
    ],
    "memoryUsage": {
      "rss": 56745984,
      "heapTotal": 20508672,
      "heapUsed": 15499824,
      "external": 2104207,
      "arrayBuffers": 18675
    }
  },
  "os": {
    "loadavg": [
      0,
      0,
      0
    ],
    "uptime": 9351.875
  },
  "trace": [
    {
      "column": 18,
      "file": "node:internal/modules/cjs/loader",
      "function": "wrapSafe",
      "line": 1662,
      "method": null,
      "native": false
    },
    {
      "column": 20,
      "file": "node:internal/modules/cjs/loader",
      "function": "Module._compile",
      "line": 1704,
      "method": "_compile",
      "native": false
    },
    {
      "column": 10,
      "file": "node:internal/modules/cjs/loader",
      "function": "Object..js",
      "line": 1895,
      "method": ".js",
      "native": false
    },
    {
      "column": 32,
      "file": "node:internal/modules/cjs/loader",
      "function": "Module.load",
      "line": 1465,
      "method": "load",
      "native": false
    },
    {
      "column": 12,
      "file": "node:internal/modules/cjs/loader",
      "function": "Function._load",
      "line": 1282,
      "method": "_load",
      "native": false
    },
    {
      "column": 14,
      "file": "node:diagnostics_channel",
      "function": "TracingChannel.traceSync",
      "line": 322,
      "method": "traceSync",
      "native": false
    },
    {
      "column": 24,
      "file": "node:internal/modules/cjs/loader",
      "function": "wrapModuleLoad",
      "line": 235,
      "method": null,
      "native": false
    },
    {
      "column": 12,
      "file": "node:internal/modules/cjs/loader",
      "function": "Module.require",
      "line": 1487,
      "method": "require",
      "native": false
    },
    {
      "column": 16,
      "file": "node:internal/modules/helpers",
      "function": "require",
      "line": 135,
      "method": null,
      "native": false
    },
    {
      "column": 24,
      "file": "C:\\Users\\suman\\work\\etest-platform\\src\\frameworks\\config\\express.js",
      "function": null,
      "line": 122,
      "method": null,
      "native": false
    }
  ]
}
C:\Users\suman\work\etest-platform\src\frameworks\docs\swagger.js:106
      scheme: 'bearer',
            ^

SyntaxError: Unexpected token ':'
    at wrapSafe (node:internal/modules/cjs/loader:1662:18)
    at Module._compile (node:internal/modules/cjs/loader:1704:20)
    at Object..js (node:internal/modules/cjs/loader:1895:10)
    at Module.load (node:internal/modules/cjs/loader:1465:32)
    at Function._load (node:internal/modules/cjs/loader:1282:12)
    at TracingChannel.traceSync (node:diagnostics_channel:322:14)
    at wrapModuleLoad (node:internal/modules/cjs/loader:235:24)
    at Module.require (node:internal/modules/cjs/loader:1487:12)
    at require (node:internal/modules/helpers:135:16)
    at Object.<anonymous> (C:\Users\suman\work\etest-platform\src\frameworks\config\express.js:122:24)
2025-11-12 13:01:09 [error]: uncaughtException: PasswordHasher is not a constructor
TypeError: PasswordHasher is not a constructor
    at createUserRouter (C:\Users\suman\work\etest-platform\src\infrastructure\routes\userRoutes.js:124:28)
    at createExpressApp (C:\Users\suman\work\etest-platform\src\frameworks\config\express.js:215:21)
    at Object.<anonymous> (C:\Users\suman\work\etest-platform\app.js:15:13)
    at Module._compile (node:internal/modules/cjs/loader:1730:14)
    at Object..js (node:internal/modules/cjs/loader:1895:10)
    at Module.load (node:internal/modules/cjs/loader:1465:32)
    at Function._load (node:internal/modules/cjs/loader:1282:12)
    at TracingChannel.traceSync (node:diagnostics_channel:322:14)
    at wrapModuleLoad (node:internal/modules/cjs/loader:235:24)
    at Module.require (node:internal/modules/cjs/loader:1487:12) {
  "error": {},
  "exception": true,
  "date": "Wed Nov 12 2025 13:01:09 GMT+0530 (India Standard Time)",
  "process": {
    "pid": 1804,
    "uid": null,
    "gid": null,
    "cwd": "C:\\Users\\suman\\work\\etest-platform",
    "execPath": "C:\\Program Files\\nodejs\\node.exe",
    "version": "v22.17.0",
    "argv": [
      "C:\\Program Files\\nodejs\\node.exe",
      "C:\\Users\\suman\\work\\etest-platform\\server.js"
    ],
    "memoryUsage": {
      "rss": 77418496,
      "heapTotal": 54988800,
      "heapUsed": 29247816,
      "external": 2138170,
      "arrayBuffers": 18895
    }
  },
  "os": {
    "loadavg": [
      0,
      0,
      0
    ],
    "uptime": 10375.359
  },
  "trace": [
    {
      "column": 28,
      "file": "C:\\Users\\suman\\work\\etest-platform\\src\\infrastructure\\routes\\userRoutes.js",
      "function": "createUserRouter",
      "line": 124,
      "method": null,
      "native": false
    },
    {
      "column": 21,
      "file": "C:\\Users\\suman\\work\\etest-platform\\src\\frameworks\\config\\express.js",
      "function": "createExpressApp",
      "line": 215,
      "method": null,
      "native": false
    },
    {
      "column": 13,
      "file": "C:\\Users\\suman\\work\\etest-platform\\app.js",
      "function": null,
      "line": 15,
      "method": null,
      "native": false
    },
    {
      "column": 14,
      "file": "node:internal/modules/cjs/loader",
      "function": "Module._compile",
      "line": 1730,
      "method": "_compile",
      "native": false
    },
    {
      "column": 10,
      "file": "node:internal/modules/cjs/loader",
      "function": "Object..js",
      "line": 1895,
      "method": ".js",
      "native": false
    },
    {
      "column": 32,
      "file": "node:internal/modules/cjs/loader",
      "function": "Module.load",
      "line": 1465,
      "method": "load",
      "native": false
    },
    {
      "column": 12,
      "file": "node:internal/modules/cjs/loader",
      "function": "Function._load",
      "line": 1282,
      "method": "_load",
      "native": false
    },
    {
      "column": 14,
      "file": "node:diagnostics_channel",
      "function": "TracingChannel.traceSync",
      "line": 322,
      "method": "traceSync",
      "native": false
    },
    {
      "column": 24,
      "file": "node:internal/modules/cjs/loader",
      "function": "wrapModuleLoad",
      "line": 235,
      "method": null,
      "native": false
    },
    {
      "column": 12,
      "file": "node:internal/modules/cjs/loader",
      "function": "Module.require",
      "line": 1487,
      "method": "require",
      "native": false
    }
  ]
}
TypeError: PasswordHasher is not a constructor
    at createUserRouter (C:\Users\suman\work\etest-platform\src\infrastructure\routes\userRoutes.js:124:28)
    at createExpressApp (C:\Users\suman\work\etest-platform\src\frameworks\config\express.js:215:21)
    at Object.<anonymous> (C:\Users\suman\work\etest-platform\app.js:15:13)
    at Module._compile (node:internal/modules/cjs/loader:1730:14)
    at Object..js (node:internal/modules/cjs/loader:1895:10)
    at Module.load (node:internal/modules/cjs/loader:1465:32)
    at Function._load (node:internal/modules/cjs/loader:1282:12)
    at TracingChannel.traceSync (node:diagnostics_channel:322:14)
    at wrapModuleLoad (node:internal/modules/cjs/loader:235:24)
    at Module.require (node:internal/modules/cjs/loader:1487:12)
2025-11-12 13:02:24 [error]: uncaughtException: PasswordHasher is not a constructor
TypeError: PasswordHasher is not a constructor
    at createUserRouter (C:\Users\suman\work\etest-platform\src\infrastructure\routes\userRoutes.js:124:28)
    at createExpressApp (C:\Users\suman\work\etest-platform\src\frameworks\config\express.js:156:25)
    at Object.<anonymous> (C:\Users\suman\work\etest-platform\app.js:15:13)
    at Module._compile (node:internal/modules/cjs/loader:1730:14)
    at Object..js (node:internal/modules/cjs/loader:1895:10)
    at Module.load (node:internal/modules/cjs/loader:1465:32)
    at Function._load (node:internal/modules/cjs/loader:1282:12)
    at TracingChannel.traceSync (node:diagnostics_channel:322:14)
    at wrapModuleLoad (node:internal/modules/cjs/loader:235:24)
    at Module.require (node:internal/modules/cjs/loader:1487:12) {
  "error": {},
  "exception": true,
  "date": "Wed Nov 12 2025 13:02:24 GMT+0530 (India Standard Time)",
  "process": {
    "pid": 1092,
    "uid": null,
    "gid": null,
    "cwd": "C:\\Users\\suman\\work\\etest-platform",
    "execPath": "C:\\Program Files\\nodejs\\node.exe",
    "version": "v22.17.0",
    "argv": [
      "C:\\Program Files\\nodejs\\node.exe",
      "C:\\Users\\suman\\work\\etest-platform\\server.js"
    ],
    "memoryUsage": {
      "rss": 77393920,
      "heapTotal": 54988800,
      "heapUsed": 29304640,
      "external": 2138170,
      "arrayBuffers": 18895
    }
  },
  "os": {
    "loadavg": [
      0,
      0,
      0
    ],
    "uptime": 10450.296
  },
  "trace": [
    {
      "column": 28,
      "file": "C:\\Users\\suman\\work\\etest-platform\\src\\infrastructure\\routes\\userRoutes.js",
      "function": "createUserRouter",
      "line": 124,
      "method": null,
      "native": false
    },
    {
      "column": 25,
      "file": "C:\\Users\\suman\\work\\etest-platform\\src\\frameworks\\config\\express.js",
      "function": "createExpressApp",
      "line": 156,
      "method": null,
      "native": false
    },
    {
      "column": 13,
      "file": "C:\\Users\\suman\\work\\etest-platform\\app.js",
      "function": null,
      "line": 15,
      "method": null,
      "native": false
    },
    {
      "column": 14,
      "file": "node:internal/modules/cjs/loader",
      "function": "Module._compile",
      "line": 1730,
      "method": "_compile",
      "native": false
    },
    {
      "column": 10,
      "file": "node:internal/modules/cjs/loader",
      "function": "Object..js",
      "line": 1895,
      "method": ".js",
      "native": false
    },
    {
      "column": 32,
      "file": "node:internal/modules/cjs/loader",
      "function": "Module.load",
      "line": 1465,
      "method": "load",
      "native": false
    },
    {
      "column": 12,
      "file": "node:internal/modules/cjs/loader",
      "function": "Function._load",
      "line": 1282,
      "method": "_load",
      "native": false
    },
    {
      "column": 14,
      "file": "node:diagnostics_channel",
      "function": "TracingChannel.traceSync",
      "line": 322,
      "method": "traceSync",
      "native": false
    },
    {
      "column": 24,
      "file": "node:internal/modules/cjs/loader",
      "function": "wrapModuleLoad",
      "line": 235,
      "method": null,
      "native": false
    },
    {
      "column": 12,
      "file": "node:internal/modules/cjs/loader",
      "function": "Module.require",
      "line": 1487,
      "method": "require",
      "native": false
    }
  ]
}
TypeError: PasswordHasher is not a constructor
    at createUserRouter (C:\Users\suman\work\etest-platform\src\infrastructure\routes\userRoutes.js:124:28)
    at createExpressApp (C:\Users\suman\work\etest-platform\src\frameworks\config\express.js:156:25)
    at Object.<anonymous> (C:\Users\suman\work\etest-platform\app.js:15:13)
    at Module._compile (node:internal/modules/cjs/loader:1730:14)
    at Object..js (node:internal/modules/cjs/loader:1895:10)
    at Module.load (node:internal/modules/cjs/loader:1465:32)
    at Function._load (node:internal/modules/cjs/loader:1282:12)
    at TracingChannel.traceSync (node:diagnostics_channel:322:14)
    at wrapModuleLoad (node:internal/modules/cjs/loader:235:24)
    at Module.require (node:internal/modules/cjs/loader:1487:12)
2025-11-12 13:16:07 [error]: uncaughtException: PasswordHasher is not a constructor
TypeError: PasswordHasher is not a constructor
    at createUserRouter (C:\Users\suman\work\etest-platform\src\infrastructure\routes\userRoutes.js:124:28)
    at createExpressApp (C:\Users\suman\work\etest-platform\src\frameworks\config\express.js:210:22)
    at Object.<anonymous> (C:\Users\suman\work\etest-platform\app.js:15:13)
    at Module._compile (node:internal/modules/cjs/loader:1730:14)
    at Object..js (node:internal/modules/cjs/loader:1895:10)
    at Module.load (node:internal/modules/cjs/loader:1465:32)
    at Function._load (node:internal/modules/cjs/loader:1282:12)
    at TracingChannel.traceSync (node:diagnostics_channel:322:14)
    at wrapModuleLoad (node:internal/modules/cjs/loader:235:24)
    at Module.require (node:internal/modules/cjs/loader:1487:12) {
  "error": {},
  "exception": true,
  "date": "Wed Nov 12 2025 13:16:07 GMT+0530 (India Standard Time)",
  "process": {
    "pid": 8020,
    "uid": null,
    "gid": null,
    "cwd": "C:\\Users\\suman\\work\\etest-platform",
    "execPath": "C:\\Program Files\\nodejs\\node.exe",
    "version": "v22.17.0",
    "argv": [
      "C:\\Program Files\\nodejs\\node.exe",
      "C:\\Users\\suman\\work\\etest-platform\\server.js"
    ],
    "memoryUsage": {
      "rss": 75960320,
      "heapTotal": 54464512,
      "heapUsed": 30122584,
      "external": 2138170,
      "arrayBuffers": 18895
    }
  },
  "os": {
    "loadavg": [
      0,
      0,
      0
    ],
    "uptime": 11273.64
  },
  "trace": [
    {
      "column": 28,
      "file": "C:\\Users\\suman\\work\\etest-platform\\src\\infrastructure\\routes\\userRoutes.js",
      "function": "createUserRouter",
      "line": 124,
      "method": null,
      "native": false
    },
    {
      "column": 22,
      "file": "C:\\Users\\suman\\work\\etest-platform\\src\\frameworks\\config\\express.js",
      "function": "createExpressApp",
      "line": 210,
      "method": null,
      "native": false
    },
    {
      "column": 13,
      "file": "C:\\Users\\suman\\work\\etest-platform\\app.js",
      "function": null,
      "line": 15,
      "method": null,
      "native": false
    },
    {
      "column": 14,
      "file": "node:internal/modules/cjs/loader",
      "function": "Module._compile",
      "line": 1730,
      "method": "_compile",
      "native": false
    },
    {
      "column": 10,
      "file": "node:internal/modules/cjs/loader",
      "function": "Object..js",
      "line": 1895,
      "method": ".js",
      "native": false
    },
    {
      "column": 32,
      "file": "node:internal/modules/cjs/loader",
      "function": "Module.load",
      "line": 1465,
      "method": "load",
      "native": false
    },
    {
      "column": 12,
      "file": "node:internal/modules/cjs/loader",
      "function": "Function._load",
      "line": 1282,
      "method": "_load",
      "native": false
    },
    {
      "column": 14,
      "file": "node:diagnostics_channel",
      "function": "TracingChannel.traceSync",
      "line": 322,
      "method": "traceSync",
      "native": false
    },
    {
      "column": 24,
      "file": "node:internal/modules/cjs/loader",
      "function": "wrapModuleLoad",
      "line": 235,
      "method": null,
      "native": false
    },
    {
      "column": 12,
      "file": "node:internal/modules/cjs/loader",
      "function": "Module.require",
      "line": 1487,
      "method": "require",
      "native": false
    }
  ]
}
TypeError: PasswordHasher is not a constructor
    at createUserRouter (C:\Users\suman\work\etest-platform\src\infrastructure\routes\userRoutes.js:124:28)
    at createExpressApp (C:\Users\suman\work\etest-platform\src\frameworks\config\express.js:210:22)
    at Object.<anonymous> (C:\Users\suman\work\etest-platform\app.js:15:13)
    at Module._compile (node:internal/modules/cjs/loader:1730:14)
    at Object..js (node:internal/modules/cjs/loader:1895:10)
    at Module.load (node:internal/modules/cjs/loader:1465:32)
    at Function._load (node:internal/modules/cjs/loader:1282:12)
    at TracingChannel.traceSync (node:diagnostics_channel:322:14)
    at wrapModuleLoad (node:internal/modules/cjs/loader:235:24)
    at Module.require (node:internal/modules/cjs/loader:1487:12)
2025-11-12 13:18:27 [error]: uncaughtException: PasswordHasher is not a constructor
TypeError: PasswordHasher is not a constructor
    at createUserRouter (C:\Users\suman\work\etest-platform\src\infrastructure\routes\userRoutes.js:124:28)
    at createExpressApp (C:\Users\suman\work\etest-platform\src\frameworks\config\express.js:210:22)
    at Object.<anonymous> (C:\Users\suman\work\etest-platform\app.js:15:13)
    at Module._compile (node:internal/modules/cjs/loader:1730:14)
    at Object..js (node:internal/modules/cjs/loader:1895:10)
    at Module.load (node:internal/modules/cjs/loader:1465:32)
    at Function._load (node:internal/modules/cjs/loader:1282:12)
    at TracingChannel.traceSync (node:diagnostics_channel:322:14)
    at wrapModuleLoad (node:internal/modules/cjs/loader:235:24)
    at Module.require (node:internal/modules/cjs/loader:1487:12) {
  "error": {},
  "exception": true,
  "date": "Wed Nov 12 2025 13:18:27 GMT+0530 (India Standard Time)",
  "process": {
    "pid": 14404,
    "uid": null,
    "gid": null,
    "cwd": "C:\\Users\\suman\\work\\etest-platform",
    "execPath": "C:\\Program Files\\nodejs\\node.exe",
    "version": "v22.17.0",
    "argv": [
      "C:\\Program Files\\nodejs\\node.exe",
      "C:\\Users\\suman\\work\\etest-platform\\server.js"
    ],
    "memoryUsage": {
      "rss": 77639680,
      "heapTotal": 54464512,
      "heapUsed": 29734568,
      "external": 2138170,
      "arrayBuffers": 18895
    }
  },
  "os": {
    "loadavg": [
      0,
      0,
      0
    ],
    "uptime": 11413.578
  },
  "trace": [
    {
      "column": 28,
      "file": "C:\\Users\\suman\\work\\etest-platform\\src\\infrastructure\\routes\\userRoutes.js",
      "function": "createUserRouter",
      "line": 124,
      "method": null,
      "native": false
    },
    {
      "column": 22,
      "file": "C:\\Users\\suman\\work\\etest-platform\\src\\frameworks\\config\\express.js",
      "function": "createExpressApp",
      "line": 210,
      "method": null,
      "native": false
    },
    {
      "column": 13,
      "file": "C:\\Users\\suman\\work\\etest-platform\\app.js",
      "function": null,
      "line": 15,
      "method": null,
      "native": false
    },
    {
      "column": 14,
      "file": "node:internal/modules/cjs/loader",
      "function": "Module._compile",
      "line": 1730,
      "method": "_compile",
      "native": false
    },
    {
      "column": 10,
      "file": "node:internal/modules/cjs/loader",
      "function": "Object..js",
      "line": 1895,
      "method": ".js",
      "native": false
    },
    {
      "column": 32,
      "file": "node:internal/modules/cjs/loader",
      "function": "Module.load",
      "line": 1465,
      "method": "load",
      "native": false
    },
    {
      "column": 12,
      "file": "node:internal/modules/cjs/loader",
      "function": "Function._load",
      "line": 1282,
      "method": "_load",
      "native": false
    },
    {
      "column": 14,
      "file": "node:diagnostics_channel",
      "function": "TracingChannel.traceSync",
      "line": 322,
      "method": "traceSync",
      "native": false
    },
    {
      "column": 24,
      "file": "node:internal/modules/cjs/loader",
      "function": "wrapModuleLoad",
      "line": 235,
      "method": null,
      "native": false
    },
    {
      "column": 12,
      "file": "node:internal/modules/cjs/loader",
      "function": "Module.require",
      "line": 1487,
      "method": "require",
      "native": false
    }
  ]
}
TypeError: PasswordHasher is not a constructor
    at createUserRouter (C:\Users\suman\work\etest-platform\src\infrastructure\routes\userRoutes.js:124:28)
    at createExpressApp (C:\Users\suman\work\etest-platform\src\frameworks\config\express.js:210:22)
    at Object.<anonymous> (C:\Users\suman\work\etest-platform\app.js:15:13)
    at Module._compile (node:internal/modules/cjs/loader:1730:14)
    at Object..js (node:internal/modules/cjs/loader:1895:10)
    at Module.load (node:internal/modules/cjs/loader:1465:32)
    at Function._load (node:internal/modules/cjs/loader:1282:12)
    at TracingChannel.traceSync (node:diagnostics_channel:322:14)
    at wrapModuleLoad (node:internal/modules/cjs/loader:235:24)
    at Module.require (node:internal/modules/cjs/loader:1487:12)
2025-11-12 13:18:36 [error]: uncaughtException: PasswordHasher is not a constructor
TypeError: PasswordHasher is not a constructor
    at createUserRouter (C:\Users\suman\work\etest-platform\src\infrastructure\routes\userRoutes.js:124:28)
    at createExpressApp (C:\Users\suman\work\etest-platform\src\frameworks\config\express.js:209:22)
    at Object.<anonymous> (C:\Users\suman\work\etest-platform\app.js:15:13)
    at Module._compile (node:internal/modules/cjs/loader:1730:14)
    at Object..js (node:internal/modules/cjs/loader:1895:10)
    at Module.load (node:internal/modules/cjs/loader:1465:32)
    at Function._load (node:internal/modules/cjs/loader:1282:12)
    at TracingChannel.traceSync (node:diagnostics_channel:322:14)
    at wrapModuleLoad (node:internal/modules/cjs/loader:235:24)
    at Module.require (node:internal/modules/cjs/loader:1487:12) {
  "error": {},
  "exception": true,
  "date": "Wed Nov 12 2025 13:18:36 GMT+0530 (India Standard Time)",
  "process": {
    "pid": 1096,
    "uid": null,
    "gid": null,
    "cwd": "C:\\Users\\suman\\work\\etest-platform",
    "execPath": "C:\\Program Files\\nodejs\\node.exe",
    "version": "v22.17.0",
    "argv": [
      "C:\\Program Files\\nodejs\\node.exe",
      "C:\\Users\\suman\\work\\etest-platform\\server.js"
    ],
    "memoryUsage": {
      "rss": 77893632,
      "heapTotal": 54726656,
      "heapUsed": 29790016,
      "external": 2138170,
      "arrayBuffers": 18895
    }
  },
  "os": {
    "loadavg": [
      0,
      0,
      0
    ],
    "uptime": 11422.765
  },
  "trace": [
    {
      "column": 28,
      "file": "C:\\Users\\suman\\work\\etest-platform\\src\\infrastructure\\routes\\userRoutes.js",
      "function": "createUserRouter",
      "line": 124,
      "method": null,
      "native": false
    },
    {
      "column": 22,
      "file": "C:\\Users\\suman\\work\\etest-platform\\src\\frameworks\\config\\express.js",
      "function": "createExpressApp",
      "line": 209,
      "method": null,
      "native": false
    },
    {
      "column": 13,
      "file": "C:\\Users\\suman\\work\\etest-platform\\app.js",
      "function": null,
      "line": 15,
      "method": null,
      "native": false
    },
    {
      "column": 14,
      "file": "node:internal/modules/cjs/loader",
      "function": "Module._compile",
      "line": 1730,
      "method": "_compile",
      "native": false
    },
    {
      "column": 10,
      "file": "node:internal/modules/cjs/loader",
      "function": "Object..js",
      "line": 1895,
      "method": ".js",
      "native": false
    },
    {
      "column": 32,
      "file": "node:internal/modules/cjs/loader",
      "function": "Module.load",
      "line": 1465,
      "method": "load",
      "native": false
    },
    {
      "column": 12,
      "file": "node:internal/modules/cjs/loader",
      "function": "Function._load",
      "line": 1282,
      "method": "_load",
      "native": false
    },
    {
      "column": 14,
      "file": "node:diagnostics_channel",
      "function": "TracingChannel.traceSync",
      "line": 322,
      "method": "traceSync",
      "native": false
    },
    {
      "column": 24,
      "file": "node:internal/modules/cjs/loader",
      "function": "wrapModuleLoad",
      "line": 235,
      "method": null,
      "native": false
    },
    {
      "column": 12,
      "file": "node:internal/modules/cjs/loader",
      "function": "Module.require",
      "line": 1487,
      "method": "require",
      "native": false
    }
  ]
}
TypeError: PasswordHasher is not a constructor
    at createUserRouter (C:\Users\suman\work\etest-platform\src\infrastructure\routes\userRoutes.js:124:28)
    at createExpressApp (C:\Users\suman\work\etest-platform\src\frameworks\config\express.js:209:22)
    at Object.<anonymous> (C:\Users\suman\work\etest-platform\app.js:15:13)
    at Module._compile (node:internal/modules/cjs/loader:1730:14)
    at Object..js (node:internal/modules/cjs/loader:1895:10)
    at Module.load (node:internal/modules/cjs/loader:1465:32)
    at Function._load (node:internal/modules/cjs/loader:1282:12)
    at TracingChannel.traceSync (node:diagnostics_channel:322:14)
    at wrapModuleLoad (node:internal/modules/cjs/loader:235:24)
    at Module.require (node:internal/modules/cjs/loader:1487:12)
2025-11-12 13:23:45 [error]: uncaughtException: PasswordHasher is not a constructor
TypeError: PasswordHasher is not a constructor
    at createUserRouter (C:\Users\suman\work\etest-platform\src\infrastructure\routes\userRoutes.js:124:28)
    at createExpressApp (C:\Users\suman\work\etest-platform\src\frameworks\config\express.js:210:22)
    at Object.<anonymous> (C:\Users\suman\work\etest-platform\app.js:15:13)
    at Module._compile (node:internal/modules/cjs/loader:1730:14)
    at Object..js (node:internal/modules/cjs/loader:1895:10)
    at Module.load (node:internal/modules/cjs/loader:1465:32)
    at Function._load (node:internal/modules/cjs/loader:1282:12)
    at TracingChannel.traceSync (node:diagnostics_channel:322:14)
    at wrapModuleLoad (node:internal/modules/cjs/loader:235:24)
    at Module.require (node:internal/modules/cjs/loader:1487:12) {
  "error": {},
  "exception": true,
  "date": "Wed Nov 12 2025 13:23:45 GMT+0530 (India Standard Time)",
  "process": {
    "pid": 13764,
    "uid": null,
    "gid": null,
    "cwd": "C:\\Users\\suman\\work\\etest-platform",
    "execPath": "C:\\Program Files\\nodejs\\node.exe",
    "version": "v22.17.0",
    "argv": [
      "C:\\Program Files\\nodejs\\node.exe",
      "C:\\Users\\suman\\work\\etest-platform\\server.js"
    ],
    "memoryUsage": {
      "rss": 78086144,
      "heapTotal": 54726656,
      "heapUsed": 30145048,
      "external": 2138170,
      "arrayBuffers": 18895
    }
  },
  "os": {
    "loadavg": [
      0,
      0,
      0
    ],
    "uptime": 11731.625
  },
  "trace": [
    {
      "column": 28,
      "file": "C:\\Users\\suman\\work\\etest-platform\\src\\infrastructure\\routes\\userRoutes.js",
      "function": "createUserRouter",
      "line": 124,
      "method": null,
      "native": false
    },
    {
      "column": 22,
      "file": "C:\\Users\\suman\\work\\etest-platform\\src\\frameworks\\config\\express.js",
      "function": "createExpressApp",
      "line": 210,
      "method": null,
      "native": false
    },
    {
      "column": 13,
      "file": "C:\\Users\\suman\\work\\etest-platform\\app.js",
      "function": null,
      "line": 15,
      "method": null,
      "native": false
    },
    {
      "column": 14,
      "file": "node:internal/modules/cjs/loader",
      "function": "Module._compile",
      "line": 1730,
      "method": "_compile",
      "native": false
    },
    {
      "column": 10,
      "file": "node:internal/modules/cjs/loader",
      "function": "Object..js",
      "line": 1895,
      "method": ".js",
      "native": false
    },
    {
      "column": 32,
      "file": "node:internal/modules/cjs/loader",
      "function": "Module.load",
      "line": 1465,
      "method": "load",
      "native": false
    },
    {
      "column": 12,
      "file": "node:internal/modules/cjs/loader",
      "function": "Function._load",
      "line": 1282,
      "method": "_load",
      "native": false
    },
    {
      "column": 14,
      "file": "node:diagnostics_channel",
      "function": "TracingChannel.traceSync",
      "line": 322,
      "method": "traceSync",
      "native": false
    },
    {
      "column": 24,
      "file": "node:internal/modules/cjs/loader",
      "function": "wrapModuleLoad",
      "line": 235,
      "method": null,
      "native": false
    },
    {
      "column": 12,
      "file": "node:internal/modules/cjs/loader",
      "function": "Module.require",
      "line": 1487,
      "method": "require",
      "native": false
    }
  ]
}
TypeError: PasswordHasher is not a constructor
    at createUserRouter (C:\Users\suman\work\etest-platform\src\infrastructure\routes\userRoutes.js:124:28)
    at createExpressApp (C:\Users\suman\work\etest-platform\src\frameworks\config\express.js:210:22)
    at Object.<anonymous> (C:\Users\suman\work\etest-platform\app.js:15:13)
    at Module._compile (node:internal/modules/cjs/loader:1730:14)
    at Object..js (node:internal/modules/cjs/loader:1895:10)
    at Module.load (node:internal/modules/cjs/loader:1465:32)
    at Function._load (node:internal/modules/cjs/loader:1282:12)
    at TracingChannel.traceSync (node:diagnostics_channel:322:14)
    at wrapModuleLoad (node:internal/modules/cjs/loader:235:24)
    at Module.require (node:internal/modules/cjs/loader:1487:12)
2025-11-12 13:23:58 [error]: uncaughtException: PasswordHasher is not a constructor
TypeError: PasswordHasher is not a constructor
    at createUserRouter (C:\Users\suman\work\etest-platform\src\infrastructure\routes\userRoutes.js:124:28)
    at createExpressApp (C:\Users\suman\work\etest-platform\src\frameworks\config\express.js:209:22)
    at Object.<anonymous> (C:\Users\suman\work\etest-platform\app.js:15:13)
    at Module._compile (node:internal/modules/cjs/loader:1730:14)
    at Object..js (node:internal/modules/cjs/loader:1895:10)
    at Module.load (node:internal/modules/cjs/loader:1465:32)
    at Function._load (node:internal/modules/cjs/loader:1282:12)
    at TracingChannel.traceSync (node:diagnostics_channel:322:14)
    at wrapModuleLoad (node:internal/modules/cjs/loader:235:24)
    at Module.require (node:internal/modules/cjs/loader:1487:12) {
  "error": {},
  "exception": true,
  "date": "Wed Nov 12 2025 13:23:58 GMT+0530 (India Standard Time)",
  "process": {
    "pid": 14112,
    "uid": null,
    "gid": null,
    "cwd": "C:\\Users\\suman\\work\\etest-platform",
    "execPath": "C:\\Program Files\\nodejs\\node.exe",
    "version": "v22.17.0",
    "argv": [
      "C:\\Program Files\\nodejs\\node.exe",
      "C:\\Users\\suman\\work\\etest-platform\\server.js"
    ],
    "memoryUsage": {
      "rss": 77963264,
      "heapTotal": 54726656,
      "heapUsed": 29849512,
      "external": 2138170,
      "arrayBuffers": 18895
    }
  },
  "os": {
    "loadavg": [
      0,
      0,
      0
    ],
    "uptime": 11745.171
  },
  "trace": [
    {
      "column": 28,
      "file": "C:\\Users\\suman\\work\\etest-platform\\src\\infrastructure\\routes\\userRoutes.js",
      "function": "createUserRouter",
      "line": 124,
      "method": null,
      "native": false
    },
    {
      "column": 22,
      "file": "C:\\Users\\suman\\work\\etest-platform\\src\\frameworks\\config\\express.js",
      "function": "createExpressApp",
      "line": 209,
      "method": null,
      "native": false
    },
    {
      "column": 13,
      "file": "C:\\Users\\suman\\work\\etest-platform\\app.js",
      "function": null,
      "line": 15,
      "method": null,
      "native": false
    },
    {
      "column": 14,
      "file": "node:internal/modules/cjs/loader",
      "function": "Module._compile",
      "line": 1730,
      "method": "_compile",
      "native": false
    },
    {
      "column": 10,
      "file": "node:internal/modules/cjs/loader",
      "function": "Object..js",
      "line": 1895,
      "method": ".js",
      "native": false
    },
    {
      "column": 32,
      "file": "node:internal/modules/cjs/loader",
      "function": "Module.load",
      "line": 1465,
      "method": "load",
      "native": false
    },
    {
      "column": 12,
      "file": "node:internal/modules/cjs/loader",
      "function": "Function._load",
      "line": 1282,
      "method": "_load",
      "native": false
    },
    {
      "column": 14,
      "file": "node:diagnostics_channel",
      "function": "TracingChannel.traceSync",
      "line": 322,
      "method": "traceSync",
      "native": false
    },
    {
      "column": 24,
      "file": "node:internal/modules/cjs/loader",
      "function": "wrapModuleLoad",
      "line": 235,
      "method": null,
      "native": false
    },
    {
      "column": 12,
      "file": "node:internal/modules/cjs/loader",
      "function": "Module.require",
      "line": 1487,
      "method": "require",
      "native": false
    }
  ]
}
TypeError: PasswordHasher is not a constructor
    at createUserRouter (C:\Users\suman\work\etest-platform\src\infrastructure\routes\userRoutes.js:124:28)
    at createExpressApp (C:\Users\suman\work\etest-platform\src\frameworks\config\express.js:209:22)
    at Object.<anonymous> (C:\Users\suman\work\etest-platform\app.js:15:13)
    at Module._compile (node:internal/modules/cjs/loader:1730:14)
    at Object..js (node:internal/modules/cjs/loader:1895:10)
    at Module.load (node:internal/modules/cjs/loader:1465:32)
    at Function._load (node:internal/modules/cjs/loader:1282:12)
    at TracingChannel.traceSync (node:diagnostics_channel:322:14)
    at wrapModuleLoad (node:internal/modules/cjs/loader:235:24)
    at Module.require (node:internal/modules/cjs/loader:1487:12)
2025-11-12 13:24:14 [error]: uncaughtException: PasswordHasher is not a constructor
TypeError: PasswordHasher is not a constructor
    at createUserRouter (C:\Users\suman\work\etest-platform\src\infrastructure\routes\userRoutes.js:124:28)
    at createExpressApp (C:\Users\suman\work\etest-platform\src\frameworks\config\express.js:199:22)
    at Object.<anonymous> (C:\Users\suman\work\etest-platform\app.js:15:13)
    at Module._compile (node:internal/modules/cjs/loader:1730:14)
    at Object..js (node:internal/modules/cjs/loader:1895:10)
    at Module.load (node:internal/modules/cjs/loader:1465:32)
    at Function._load (node:internal/modules/cjs/loader:1282:12)
    at TracingChannel.traceSync (node:diagnostics_channel:322:14)
    at wrapModuleLoad (node:internal/modules/cjs/loader:235:24)
    at Module.require (node:internal/modules/cjs/loader:1487:12) {
  "error": {},
  "exception": true,
  "date": "Wed Nov 12 2025 13:24:14 GMT+0530 (India Standard Time)",
  "process": {
    "pid": 11128,
    "uid": null,
    "gid": null,
    "cwd": "C:\\Users\\suman\\work\\etest-platform",
    "execPath": "C:\\Program Files\\nodejs\\node.exe",
    "version": "v22.17.0",
    "argv": [
      "C:\\Program Files\\nodejs\\node.exe",
      "C:\\Users\\suman\\work\\etest-platform\\server.js"
    ],
    "memoryUsage": {
      "rss": 77393920,
      "heapTotal": 54464512,
      "heapUsed": 29790864,
      "external": 2138170,
      "arrayBuffers": 18895
    }
  },
  "os": {
    "loadavg": [
      0,
      0,
      0
    ],
    "uptime": 11761.171
  },
  "trace": [
    {
      "column": 28,
      "file": "C:\\Users\\suman\\work\\etest-platform\\src\\infrastructure\\routes\\userRoutes.js",
      "function": "createUserRouter",
      "line": 124,
      "method": null,
      "native": false
    },
    {
      "column": 22,
      "file": "C:\\Users\\suman\\work\\etest-platform\\src\\frameworks\\config\\express.js",
      "function": "createExpressApp",
      "line": 199,
      "method": null,
      "native": false
    },
    {
      "column": 13,
      "file": "C:\\Users\\suman\\work\\etest-platform\\app.js",
      "function": null,
      "line": 15,
      "method": null,
      "native": false
    },
    {
      "column": 14,
      "file": "node:internal/modules/cjs/loader",
      "function": "Module._compile",
      "line": 1730,
      "method": "_compile",
      "native": false
    },
    {
      "column": 10,
      "file": "node:internal/modules/cjs/loader",
      "function": "Object..js",
      "line": 1895,
      "method": ".js",
      "native": false
    },
    {
      "column": 32,
      "file": "node:internal/modules/cjs/loader",
      "function": "Module.load",
      "line": 1465,
      "method": "load",
      "native": false
    },
    {
      "column": 12,
      "file": "node:internal/modules/cjs/loader",
      "function": "Function._load",
      "line": 1282,
      "method": "_load",
      "native": false
    },
    {
      "column": 14,
      "file": "node:diagnostics_channel",
      "function": "TracingChannel.traceSync",
      "line": 322,
      "method": "traceSync",
      "native": false
    },
    {
      "column": 24,
      "file": "node:internal/modules/cjs/loader",
      "function": "wrapModuleLoad",
      "line": 235,
      "method": null,
      "native": false
    },
    {
      "column": 12,
      "file": "node:internal/modules/cjs/loader",
      "function": "Module.require",
      "line": 1487,
      "method": "require",
      "native": false
    }
  ]
}
TypeError: PasswordHasher is not a constructor
    at createUserRouter (C:\Users\suman\work\etest-platform\src\infrastructure\routes\userRoutes.js:124:28)
    at createExpressApp (C:\Users\suman\work\etest-platform\src\frameworks\config\express.js:199:22)
    at Object.<anonymous> (C:\Users\suman\work\etest-platform\app.js:15:13)
    at Module._compile (node:internal/modules/cjs/loader:1730:14)
    at Object..js (node:internal/modules/cjs/loader:1895:10)
    at Module.load (node:internal/modules/cjs/loader:1465:32)
    at Function._load (node:internal/modules/cjs/loader:1282:12)
    at TracingChannel.traceSync (node:diagnostics_channel:322:14)
    at wrapModuleLoad (node:internal/modules/cjs/loader:235:24)
    at Module.require (node:internal/modules/cjs/loader:1487:12)
